TN:
SF:src\index.ts
FN:20,(anonymous_8)
FN:23,(anonymous_9)
FN:23,(anonymous_10)
FN:35,(anonymous_11)
FN:35,(anonymous_12)
FN:48,(anonymous_13)
FN:48,(anonymous_14)
FN:62,(anonymous_15)
FN:62,(anonymous_16)
FN:76,(anonymous_17)
FN:76,(anonymous_18)
FN:90,(anonymous_19)
FN:94,(anonymous_20)
FNF:13
FNH:11
FNDA:1,(anonymous_8)
FNDA:1,(anonymous_9)
FNDA:1,(anonymous_10)
FNDA:1,(anonymous_11)
FNDA:1,(anonymous_12)
FNDA:1,(anonymous_13)
FNDA:1,(anonymous_14)
FNDA:1,(anonymous_15)
FNDA:1,(anonymous_16)
FNDA:1,(anonymous_17)
FNDA:1,(anonymous_18)
FNDA:0,(anonymous_19)
FNDA:0,(anonymous_20)
DA:1,1
DA:2,1
DA:3,1
DA:10,1
DA:13,1
DA:14,1
DA:16,1
DA:17,1
DA:19,1
DA:21,1
DA:23,1
DA:24,1
DA:25,1
DA:26,1
DA:28,0
DA:29,0
DA:35,1
DA:36,1
DA:37,1
DA:38,1
DA:39,1
DA:41,0
DA:42,0
DA:48,1
DA:49,1
DA:50,1
DA:51,1
DA:52,1
DA:54,1
DA:55,1
DA:57,0
DA:58,0
DA:62,1
DA:63,1
DA:64,1
DA:65,1
DA:66,1
DA:68,0
DA:70,0
DA:76,1
DA:77,1
DA:78,1
DA:79,1
DA:80,1
DA:82,0
DA:84,0
DA:90,1
DA:91,0
DA:95,0
DA:99,1
LF:50
LH:38
BRF:0
BRH:0
end_of_record
TN:
SF:src\ormconfig.ts
FNF:0
FNH:0
DA:1,3
DA:2,3
DA:3,3
DA:4,3
DA:5,3
DA:8,3
DA:9,3
DA:11,3
DA:12,3
LF:9
LH:9
BRDA:9,0,0,3
BRDA:9,0,1,0
BRF:2
BRH:1
end_of_record
TN:
SF:src\db_functions\taskRepository.ts
FN:9,createTask
FN:26,getAllTasks
FN:32,editTask
FN:48,deleteTask
FN:62,changeCompleteStateTask
FNF:5
FNH:5
FNDA:7,createTask
FNDA:1,getAllTasks
FNDA:1,editTask
FNDA:1,deleteTask
FNDA:1,changeCompleteStateTask
DA:2,3
DA:3,3
DA:4,3
DA:7,3
DA:14,7
DA:21,7
DA:22,7
DA:23,7
DA:27,1
DA:28,1
DA:29,1
DA:33,1
DA:34,1
DA:35,1
DA:36,0
DA:38,1
DA:39,1
DA:40,1
DA:41,1
DA:42,1
DA:43,1
DA:44,1
DA:49,1
DA:51,1
DA:53,1
DA:54,0
DA:56,1
DA:57,1
DA:58,1
DA:63,1
DA:65,1
DA:66,1
DA:67,0
DA:69,1
DA:70,1
DA:71,1
DA:72,1
DA:76,3
LF:38
LH:35
BRDA:35,0,0,0
BRDA:35,0,1,1
BRDA:53,1,0,0
BRDA:53,1,1,1
BRDA:66,2,0,0
BRDA:66,2,1,1
BRF:6
BRH:3
end_of_record
TN:
SF:src\entities\Task.ts
FNF:0
FNH:0
DA:1,3
DA:4,3
DA:8,3
DA:11,3
DA:14,3
DA:17,3
DA:20,3
LF:7
LH:7
BRF:0
BRH:0
end_of_record
